2026-04-05 18:57:08,133 - core.combined_invoice_view - INFO - POST data received: <QueryDict: {'csrfmiddlewaretoken': ['9dk4rL1qoJrgfwGs4mgt8yjcVX5Il8yGDMRnf2FbtEjbdWX0IjthVDkzGOVxZnFf'], 'invoice_no': ['123'], 'invoice_date': ['2013-04-05'], 'supplierid': ['1'], 'transport_charges': ['0'], 'invoice_total': ['1.05'], 'roundoff_amount': ['0.05'], 'roundoff_type': ['deducted'], 'products_data': ['[{"productid":"281","batch_no":"1223","expiry":"12-2020","mrp":"1","purchase_rate":"1","quantity":"1","free_qty":"1","scheme":"0","discount":"0","cgst":"2.5","sgst":"2.5","calculation_mode":"flat","rate_a":"1","rate_b":"2","rate_c":"3","from_challan":false,"challan_no":"","challan_date":""}]'], 'is_from_challan': ['false']}>
2026-04-05 18:57:08,154 - core.combined_invoice_view - INFO - Products data received: [{"productid":"281","batch_no":"1223","expiry":"12-2020","mrp":"1","purchase_rate":"1","quantity":"1","free_qty":"1","scheme":"0","discount":"0","cgst":"2.5","sgst":"2.5","calculation_mode":"flat","rate_a":"1","rate_b":"2","rate_c":"3","from_challan":false,"challan_no":"","challan_date":""}]
2026-04-05 18:57:08,154 - core.combined_invoice_view - INFO - Challan flag: false
2026-04-05 18:57:08,164 - core.combined_invoice_view - INFO - Invoice created with ID: 134989
2026-04-05 18:57:08,288 - core.combined_invoice_view - INFO - Challan data received: challan_no=, challan_date=
2026-04-05 18:57:08,288 - core.combined_invoice_view - INFO - Setting rates for AZAUK 200 SUSP 15 ML: A=1.0, B=2.0, C=3.0
2026-04-05 18:57:08,289 - core.combined_invoice_view - INFO - Product AZAUK 200 SUSP 15 ML: Base=1.0, CGST=0.03, SGST=0.03, Total=1.06
2026-04-05 18:57:08,649 - core.combined_invoice_view - INFO - Product AZAUK 200 SUSP 15 ML added to invoice
2026-04-05 18:57:08,650 - core.combined_invoice_view - INFO - PURCHASE CREATED: AZAUK 200 SUSP 15 ML, Batch: 1223, Qty: 1.0, Free Qty: 1.0
2026-04-05 18:57:08,663 - core.combined_invoice_view - INFO - Saved invoice: Total=1.05, RoundOff=0.05 (deducted)
2026-04-05 18:57:08,664 - core.combined_invoice_view - INFO - Invoice 123 created successfully with 1 products
2026-04-06 12:32:31,763 - core.combined_invoice_view - INFO - POST data received: <QueryDict: {'csrfmiddlewaretoken': ['5gqqRYtMa40wcIwCyeX77ESK41tNDg5LcPngBsuGLIDUmiesVBU7JPPRf4Ldqcoa'], 'invoice_no': ['12345'], 'invoice_date': ['2012-07-06'], 'supplierid': ['1'], 'transport_charges': ['0'], 'invoice_total': ['1.05'], 'roundoff_amount': ['0.05'], 'roundoff_type': ['deducted'], 'products_data': ['[{"productid":"254","batch_no":"2345","expiry":"12-2020","mrp":"1","purchase_rate":"1","quantity":"1","free_qty":"1","scheme":"0","discount":"0","cgst":"2.5","sgst":"2.5","calculation_mode":"flat","rate_a":"1","rate_b":"2","rate_c":"3","from_challan":false,"challan_no":"","challan_date":""}]'], 'is_from_challan': ['false']}>
2026-04-06 12:32:31,781 - core.combined_invoice_view - INFO - Products data received: [{"productid":"254","batch_no":"2345","expiry":"12-2020","mrp":"1","purchase_rate":"1","quantity":"1","free_qty":"1","scheme":"0","discount":"0","cgst":"2.5","sgst":"2.5","calculation_mode":"flat","rate_a":"1","rate_b":"2","rate_c":"3","from_challan":false,"challan_no":"","challan_date":""}]
2026-04-06 12:32:31,783 - core.combined_invoice_view - INFO - Challan flag: false
2026-04-06 12:32:31,789 - core.combined_invoice_view - INFO - Invoice created with ID: 134990
2026-04-06 12:32:31,969 - core.combined_invoice_view - INFO - Challan data received: challan_no=, challan_date=
2026-04-06 12:32:31,970 - core.combined_invoice_view - INFO - Setting rates for ASITUSS-A SYP 100ML: A=1.0, B=2.0, C=3.0
2026-04-06 12:32:31,971 - core.combined_invoice_view - INFO - Product ASITUSS-A SYP 100ML: Base=1.0, CGST=0.03, SGST=0.03, Total=1.06
2026-04-06 12:32:32,072 - core.combined_invoice_view - INFO - Product ASITUSS-A SYP 100ML added to invoice
2026-04-06 12:32:32,073 - core.combined_invoice_view - INFO - PURCHASE CREATED: ASITUSS-A SYP 100ML, Batch: 2345, Qty: 1.0, Free Qty: 1.0
2026-04-06 12:32:32,087 - core.combined_invoice_view - INFO - Saved invoice: Total=1.05, RoundOff=0.05 (deducted)
2026-04-06 12:32:32,088 - core.combined_invoice_view - INFO - Invoice 12345 created successfully with 1 products
2026-04-06 19:36:37,981 - core.combined_invoice_view - INFO - POST data received: <QueryDict: {'csrfmiddlewaretoken': ['h4HZADVbSymC7Ci1rDAwfUGABhdQXNTGMCKlbSCzW2aKJ5etwfPOGU08eCUTbrK7'], 'invoice_no': ['22424'], 'invoice_date': ['2026-04-06'], 'supplierid': ['1'], 'transport_charges': ['0'], 'invoice_total': ['2.10'], 'roundoff_amount': ['0.10'], 'roundoff_type': ['deducted'], 'products_data': ['[{"productid":"2","batch_no":"1232","expiry":"12-2034","mrp":"1","purchase_rate":"2","quantity":"1","free_qty":"1","scheme":"0","discount":"0","cgst":"2.5","sgst":"2.5","calculation_mode":"flat","rate_a":"1","rate_b":"2","rate_c":"3","from_challan":true,"challan_no":"112","challan_date":"23-03-2026"}]'], 'is_from_challan': ['true']}>
2026-04-06 19:36:37,998 - core.combined_invoice_view - INFO - Products data received: [{"productid":"2","batch_no":"1232","expiry":"12-2034","mrp":"1","purchase_rate":"2","quantity":"1","free_qty":"1","scheme":"0","discount":"0","cgst":"2.5","sgst":"2.5","calculation_mode":"flat","rate_a":"1","rate_b":"2","rate_c":"3","from_challan":true,"challan_no":"112","challan_date":"23-03-2026"}]
2026-04-06 19:36:38,001 - core.combined_invoice_view - INFO - Challan flag: true
2026-04-06 19:36:38,009 - core.combined_invoice_view - INFO - Invoice created with ID: 134991
2026-04-06 19:36:38,017 - core.combined_invoice_view - INFO - Challan data received: challan_no=112, challan_date=23-03-2026
2026-04-06 19:36:38,022 - core.combined_invoice_view - INFO - Set source_challan_no: 112
2026-04-06 19:36:38,024 - core.combined_invoice_view - INFO - Set source_challan_date: 2026-03-23
2026-04-06 19:36:38,025 - core.combined_invoice_view - INFO - Setting rates for 1ST AID TRANSPORE TAPE .5"": A=1.0, B=2.0, C=3.0
2026-04-06 19:36:38,026 - core.combined_invoice_view - INFO - Product 1ST AID TRANSPORE TAPE .5"": Base=2.0, CGST=0.05, SGST=0.05, Total=2.1
2026-04-06 19:36:38,113 - core.combined_invoice_view - INFO - Product 1ST AID TRANSPORE TAPE .5"" added to invoice
2026-04-06 19:36:38,114 - core.combined_invoice_view - INFO - PURCHASE CREATED: 1ST AID TRANSPORE TAPE .5"", Batch: 1232, Qty: 1.0, Free Qty: 1.0
2026-04-06 19:36:38,123 - core.combined_invoice_view - INFO - Saved invoice: Total=2.1, RoundOff=0.1 (deducted)
2026-04-06 19:36:38,249 - core.combined_invoice_view - INFO - Moved challan entry to SupplierChallanMaster2: 1ST AID TRANSPORE TAPE .5"" - 1232
2026-04-06 19:36:38,250 - core.combined_invoice_view - INFO - Total 1 challan entries moved to SupplierChallanMaster2
2026-04-06 19:36:38,250 - core.combined_invoice_view - INFO - Invoice 22424 created successfully with 1 products
2026-04-10 17:16:21,093 - core.combined_invoice_view - INFO - POST data received: <QueryDict: {'csrfmiddlewaretoken': ['7bFAbSrxo6fToroEyupBylBEn85orVGp6kJDhufsDeborOW893uGT00gMRgjThaE'], 'invoice_no': ['14535'], 'invoice_date': ['2026-04-10'], 'supplierid': ['1'], 'transport_charges': ['0'], 'invoice_total': ['1.05'], 'roundoff_amount': ['0.05'], 'roundoff_type': ['deducted'], 'products_data': ['[{"productid":"164","batch_no":"24","expiry":"12-2020","mrp":"1","purchase_rate":"1","quantity":"1","free_qty":"1","scheme":"0","discount":"0","cgst":"2.5","sgst":"2.5","calculation_mode":"flat","rate_a":"1","rate_b":"3","rate_c":"3","from_challan":false,"challan_no":"","challan_date":""}]'], 'is_from_challan': ['false']}>
2026-04-10 17:16:21,116 - core.combined_invoice_view - INFO - Products data received: [{"productid":"164","batch_no":"24","expiry":"12-2020","mrp":"1","purchase_rate":"1","quantity":"1","free_qty":"1","scheme":"0","discount":"0","cgst":"2.5","sgst":"2.5","calculation_mode":"flat","rate_a":"1","rate_b":"3","rate_c":"3","from_challan":false,"challan_no":"","challan_date":""}]
2026-04-10 17:16:21,117 - core.combined_invoice_view - INFO - Challan flag: false
2026-04-10 17:16:21,123 - core.combined_invoice_view - INFO - Invoice created with ID: 134992
2026-04-10 17:16:21,295 - core.combined_invoice_view - INFO - Challan data received: challan_no=, challan_date=
2026-04-10 17:16:21,295 - core.combined_invoice_view - INFO - Setting rates for AMALZOL IV INJ 1: A=1.0, B=3.0, C=3.0
2026-04-10 17:16:21,297 - core.combined_invoice_view - INFO - Product AMALZOL IV INJ 1: Base=1.0, CGST=0.03, SGST=0.03, Total=1.06
2026-04-10 17:16:21,418 - core.combined_invoice_view - INFO - Product AMALZOL IV INJ 1 added to invoice
2026-04-10 17:16:21,419 - core.combined_invoice_view - INFO - PURCHASE CREATED: AMALZOL IV INJ 1, Batch: 24, Qty: 1.0, Free Qty: 1.0
2026-04-10 17:16:21,434 - core.combined_invoice_view - INFO - Saved invoice: Total=1.05, RoundOff=0.05 (deducted)
2026-04-10 17:16:21,434 - core.combined_invoice_view - INFO - Invoice 14535 created successfully with 1 products
2026-04-11 18:03:21,267 - core.combined_invoice_view - INFO - POST data received: <QueryDict: {'csrfmiddlewaretoken': ['spQGqC29lWahAFVSLvrs0W6LanWRRVKX3V246VwvKefkjCmjXexsgC5ATkRF58Rq'], 'invoice_no': ['123'], 'invoice_date': ['2026-04-11'], 'supplierid': ['1'], 'transport_charges': ['0'], 'invoice_total': ['1.05'], 'roundoff_amount': ['0.05'], 'roundoff_type': ['deducted'], 'products_data': ['[{"productid":"2","batch_no":"123","expiry":"12-2034","mrp":"1","purchase_rate":"1","quantity":"1","free_qty":"1","scheme":"0","discount":"0","cgst":"2.5","sgst":"2.5","calculation_mode":"flat","rate_a":"1","rate_b":"2","rate_c":"3","from_challan":false,"challan_no":"","challan_date":""}]'], 'is_from_challan': ['false']}>
2026-04-11 18:03:21,396 - core.combined_invoice_view - ERROR - Invoice form validation errors: <ul class="errorlist"><li>__all__<ul class="errorlist nonfield"><li>Invoice master with this Invoice no and Supplierid already exists.</li></ul></li></ul>
2026-04-13 12:27:36,860 - core.combined_invoice_view - INFO - POST data received: <QueryDict: {'csrfmiddlewaretoken': ['W3ObJwP3UZYSgyQ896GKr0gLhy2HBtYj0gkvSjEnpx1RcT1aggQ1wHbeqPKBSTS9'], 'invoice_no': ['12333'], 'invoice_date': ['2012-04-13'], 'supplierid': ['1'], 'transport_charges': ['0'], 'invoice_total': ['1.05'], 'roundoff_amount': ['0.05'], 'roundoff_type': ['deducted'], 'products_data': ['[{"productid":"2","batch_no":"1234","expiry":"12-2034","mrp":"1","purchase_rate":"1","quantity":"1","free_qty":"1","scheme":"0","discount":"0","cgst":"2.5","sgst":"2.5","calculation_mode":"flat","rate_a":"1","rate_b":"2","rate_c":"3","from_challan":false,"challan_no":"","challan_date":""}]'], 'is_from_challan': ['false']}>
2026-04-13 12:27:36,873 - core.combined_invoice_view - INFO - Products data received: [{"productid":"2","batch_no":"1234","expiry":"12-2034","mrp":"1","purchase_rate":"1","quantity":"1","free_qty":"1","scheme":"0","discount":"0","cgst":"2.5","sgst":"2.5","calculation_mode":"flat","rate_a":"1","rate_b":"2","rate_c":"3","from_challan":false,"challan_no":"","challan_date":""}]
2026-04-13 12:27:36,874 - core.combined_invoice_view - INFO - Challan flag: false
2026-04-13 12:27:36,882 - core.combined_invoice_view - INFO - Invoice created with ID: 134993
2026-04-13 12:27:36,887 - core.combined_invoice_view - INFO - Challan data received: challan_no=, challan_date=
2026-04-13 12:27:36,888 - core.combined_invoice_view - INFO - Setting rates for 1ST AID TRANSPORE TAPE .5"": A=1.0, B=2.0, C=3.0
2026-04-13 12:27:36,889 - core.combined_invoice_view - INFO - Product 1ST AID TRANSPORE TAPE .5"": Base=1.0, CGST=0.03, SGST=0.03, Total=1.06
2026-04-13 12:27:36,973 - core.combined_invoice_view - INFO - Product 1ST AID TRANSPORE TAPE .5"" added to invoice
2026-04-13 12:27:36,974 - core.combined_invoice_view - INFO - PURCHASE CREATED: 1ST AID TRANSPORE TAPE .5"", Batch: 1234, Qty: 1.0, Free Qty: 1.0
2026-04-13 12:27:36,985 - core.combined_invoice_view - INFO - Saved invoice: Total=1.05, RoundOff=0.05 (deducted)
2026-04-13 12:27:36,986 - core.combined_invoice_view - INFO - Invoice 12333 created successfully with 1 products
2026-04-15 13:55:32,155 - core.combined_invoice_view - INFO - POST data received: <QueryDict: {'csrfmiddlewaretoken': ['OIkMHVdupuRY5wV90RuNjNEWfyRR8zcdIFmnHIhz9aJCtg0aDCxlSoL7yTc4k6Q1'], 'invoice_no': ['13567'], 'invoice_date': ['2012-04-15'], 'supplierid': ['1'], 'transport_charges': ['0'], 'invoice_total': ['1.05'], 'roundoff_amount': ['0.05'], 'roundoff_type': ['deducted'], 'products_data': ['[{"productid":"2","batch_no":"465","expiry":"12-2012","mrp":"1","purchase_rate":"1","quantity":"1","free_qty":"1","scheme":"0","discount":"0","cgst":"2.5","sgst":"2.5","calculation_mode":"flat","rate_a":"1","rate_b":"2","rate_c":"3","from_challan":false,"challan_no":"","challan_date":""}]'], 'is_from_challan': ['false']}>
2026-04-15 13:55:32,174 - core.combined_invoice_view - INFO - Products data received: [{"productid":"2","batch_no":"465","expiry":"12-2012","mrp":"1","purchase_rate":"1","quantity":"1","free_qty":"1","scheme":"0","discount":"0","cgst":"2.5","sgst":"2.5","calculation_mode":"flat","rate_a":"1","rate_b":"2","rate_c":"3","from_challan":false,"challan_no":"","challan_date":""}]
2026-04-15 13:55:32,175 - core.combined_invoice_view - INFO - Challan flag: false
2026-04-15 13:55:32,186 - core.combined_invoice_view - INFO - Invoice created with ID: 134994
2026-04-15 13:55:32,308 - core.combined_invoice_view - INFO - Challan data received: challan_no=, challan_date=
2026-04-15 13:55:32,308 - core.combined_invoice_view - INFO - Setting rates for 1ST AID TRANSPORE TAPE .5"": A=1.0, B=2.0, C=3.0
2026-04-15 13:55:32,309 - core.combined_invoice_view - INFO - Product 1ST AID TRANSPORE TAPE .5"": Base=1.0, CGST=0.03, SGST=0.03, Total=1.06
2026-04-15 13:55:32,578 - core.combined_invoice_view - INFO - Product 1ST AID TRANSPORE TAPE .5"" added to invoice
2026-04-15 13:55:32,579 - core.combined_invoice_view - INFO - PURCHASE CREATED: 1ST AID TRANSPORE TAPE .5"", Batch: 465, Qty: 1.0, Free Qty: 1.0
2026-04-15 13:55:32,591 - core.combined_invoice_view - INFO - Saved invoice: Total=1.05, RoundOff=0.05 (deducted)
2026-04-15 13:55:32,591 - core.combined_invoice_view - INFO - Invoice 13567 created successfully with 1 products
2026-04-16 10:56:01,746 - core.combined_invoice_view - INFO - POST data received: <QueryDict: {'csrfmiddlewaretoken': ['y9MYpSYiqZBMPynrQ8gkwZjeXEDrVU5uqNYOYPN7ehpnKHRAgRg4oFtO026el6Sh'], 'invoice_no': ['1453647'], 'invoice_date': ['2026-04-16'], 'supplierid': ['1'], 'transport_charges': ['0'], 'invoice_total': ['1.05'], 'products_data': ['[{"productid":"2","batch_no":"32435","expiry":"12-2012","mrp":"1","purchase_rate":"1","quantity":"1","free_qty":"1","scheme":"0","discount":"0","cgst":"2.5","sgst":"2.5","calculation_mode":"flat","rate_a":"1","rate_b":"2","rate_c":"3","from_challan":false,"challan_no":"","challan_date":""}]'], 'is_from_challan': ['false']}>
2026-04-16 10:56:01,759 - core.combined_invoice_view - INFO - Products data received: [{"productid":"2","batch_no":"32435","expiry":"12-2012","mrp":"1","purchase_rate":"1","quantity":"1","free_qty":"1","scheme":"0","discount":"0","cgst":"2.5","sgst":"2.5","calculation_mode":"flat","rate_a":"1","rate_b":"2","rate_c":"3","from_challan":false,"challan_no":"","challan_date":""}]
2026-04-16 10:56:01,760 - core.combined_invoice_view - INFO - Challan flag: false
2026-04-16 10:56:01,765 - core.combined_invoice_view - INFO - Invoice created with ID: 134995
2026-04-16 10:56:01,769 - core.combined_invoice_view - INFO - Challan data received: challan_no=, challan_date=
2026-04-16 10:56:01,771 - core.combined_invoice_view - INFO - Setting rates for 1ST AID TRANSPORE TAPE .5"": A=1.0, B=2.0, C=3.0
2026-04-16 10:56:01,772 - core.combined_invoice_view - INFO - Product 1ST AID TRANSPORE TAPE .5"": Base=1.0, CGST=0.03, SGST=0.03, Total=1.06
2026-04-16 10:56:01,870 - core.combined_invoice_view - INFO - Product 1ST AID TRANSPORE TAPE .5"" added to invoice
2026-04-16 10:56:01,871 - core.combined_invoice_view - INFO - PURCHASE CREATED: 1ST AID TRANSPORE TAPE .5"", Batch: 32435, Qty: 1.0, Free Qty: 1.0
2026-04-16 10:56:01,881 - core.combined_invoice_view - INFO - Saved invoice: Total=1.05, RoundOff=0.0 (added)
2026-04-16 10:56:01,881 - core.combined_invoice_view - INFO - Invoice 1453647 created successfully with 1 products
2026-04-27 10:08:40,228 - core.combined_invoice_view - INFO - POST data received: <QueryDict: {'csrfmiddlewaretoken': ['jnuYUoKCbKr8g18DaVGNbFxTatlbRa8GsedJhO3Kl1mUVwskoblEnjT7zSubQ5UE'], 'invoice_no': ['q453'], 'invoice_date': ['2026-04-27'], 'supplierid': ['1'], 'transport_charges': ['0'], 'invoice_total': ['1.05'], 'products_data': ['[{"productid":"254","batch_no":"132","expiry":"12-2012","mrp":"1","purchase_rate":"1","quantity":"1","free_qty":"0","scheme":"0","discount":"0","cgst":"2.5","sgst":"2.5","calculation_mode":"flat","rate_a":"1","rate_b":"2","rate_c":"3","from_challan":false,"challan_no":"","challan_date":""}]'], 'is_from_challan': ['false']}>
2026-04-27 10:08:40,243 - core.combined_invoice_view - INFO - Products data received: [{"productid":"254","batch_no":"132","expiry":"12-2012","mrp":"1","purchase_rate":"1","quantity":"1","free_qty":"0","scheme":"0","discount":"0","cgst":"2.5","sgst":"2.5","calculation_mode":"flat","rate_a":"1","rate_b":"2","rate_c":"3","from_challan":false,"challan_no":"","challan_date":""}]
2026-04-27 10:08:40,244 - core.combined_invoice_view - INFO - Challan flag: false
2026-04-27 10:08:40,250 - core.combined_invoice_view - INFO - Invoice created with ID: 134996
2026-04-27 10:08:40,256 - core.combined_invoice_view - INFO - Challan data received: challan_no=, challan_date=
2026-04-27 10:08:40,256 - core.combined_invoice_view - INFO - Setting rates for ASITUSS-A SYP 100ML: A=1.0, B=2.0, C=3.0
2026-04-27 10:08:40,257 - core.combined_invoice_view - INFO - Product ASITUSS-A SYP 100ML: Base=1.0, CGST=0.03, SGST=0.03, Total=1.06
2026-04-27 10:08:40,655 - core.combined_invoice_view - INFO - Product ASITUSS-A SYP 100ML added to invoice
2026-04-27 10:08:40,655 - core.combined_invoice_view - INFO - PURCHASE CREATED: ASITUSS-A SYP 100ML, Batch: 132, Qty: 1.0, Free Qty: 0.0
2026-04-27 10:08:40,665 - core.combined_invoice_view - INFO - Saved invoice: Total=1.05, RoundOff=0.0 (added)
2026-04-27 10:08:40,666 - core.combined_invoice_view - INFO - Invoice q453 created successfully with 1 products
2026-04-29 13:57:05,190 - core.combined_invoice_view - INFO - POST data received: <QueryDict: {'csrfmiddlewaretoken': ['NyJPOI0nrvUJCk1ZNMdCd3JDIsRSZU9Y6klHexyvBDRhJbSFJ9F6waWZOdrdDg0w'], 'invoice_no': ['2121'], 'invoice_date': ['2026-04-29'], 'supplierid': ['1'], 'transport_charges': ['0'], 'invoice_total': ['1.00'], 'products_data': ['[{"productid":"2","batch_no":"1234","expiry":"12-2012","mrp":"1","purchase_rate":"1","quantity":"1","free_qty":"1","scheme":"0","discount":"0","cgst":"0","sgst":"0","calculation_mode":"flat","rate_a":"1","rate_b":"3","rate_c":"3","from_challan":false,"challan_no":"","challan_date":""}]'], 'is_from_challan': ['false']}>
2026-04-29 13:57:05,207 - core.combined_invoice_view - INFO - Products data received: [{"productid":"2","batch_no":"1234","expiry":"12-2012","mrp":"1","purchase_rate":"1","quantity":"1","free_qty":"1","scheme":"0","discount":"0","cgst":"0","sgst":"0","calculation_mode":"flat","rate_a":"1","rate_b":"3","rate_c":"3","from_challan":false,"challan_no":"","challan_date":""}]
2026-04-29 13:57:05,208 - core.combined_invoice_view - INFO - Challan flag: false
2026-04-29 13:57:05,214 - core.combined_invoice_view - INFO - Invoice created with ID: 134997
2026-04-29 13:57:05,220 - core.combined_invoice_view - INFO - Challan data received: challan_no=, challan_date=
2026-04-29 13:57:05,221 - core.combined_invoice_view - INFO - Setting rates for 1ST AID TRANSPORE TAPE .5"": A=1.0, B=3.0, C=3.0
2026-04-29 13:57:05,222 - core.combined_invoice_view - INFO - Product 1ST AID TRANSPORE TAPE .5"": Base=1.0, CGST=0.0, SGST=0.0, Total=1.0
2026-04-29 13:57:05,357 - core.combined_invoice_view - INFO - Product 1ST AID TRANSPORE TAPE .5"" added to invoice
2026-04-29 13:57:05,358 - core.combined_invoice_view - INFO - PURCHASE CREATED: 1ST AID TRANSPORE TAPE .5"", Batch: 1234, Qty: 1.0, Free Qty: 1.0
2026-04-29 13:57:05,373 - core.combined_invoice_view - INFO - Saved invoice: Total=1.0, RoundOff=0.0 (added)
2026-04-29 13:57:05,375 - core.combined_invoice_view - INFO - Invoice 2121 created successfully with 1 products
2026-04-29 17:19:31,111 - core.combined_invoice_view - INFO - POST data received: <QueryDict: {'csrfmiddlewaretoken': ['GLMzNRbTPO9onPQLSldDtymwWGxBmOE0YCvFr9a7FV9f5x8FHXaYPuSUdMk2nqiz'], 'invoice_no': ['1234222'], 'invoice_date': ['2026-04-29'], 'supplierid': ['1'], 'transport_charges': ['0'], 'invoice_total': ['1.00'], 'products_data': ['[{"productid":"2","batch_no":"00000000","expiry":"12-2034","mrp":"1","purchase_rate":"1","quantity":"1","free_qty":"0","scheme":"0","discount":"0","cgst":"0","sgst":"0","calculation_mode":"flat","rate_a":"0","rate_b":"0","rate_c":"0","from_challan":false,"challan_no":"","challan_date":""}]'], 'is_from_challan': ['false']}>
2026-04-29 17:19:31,124 - core.combined_invoice_view - INFO - Products data received: [{"productid":"2","batch_no":"00000000","expiry":"12-2034","mrp":"1","purchase_rate":"1","quantity":"1","free_qty":"0","scheme":"0","discount":"0","cgst":"0","sgst":"0","calculation_mode":"flat","rate_a":"0","rate_b":"0","rate_c":"0","from_challan":false,"challan_no":"","challan_date":""}]
2026-04-29 17:19:31,125 - core.combined_invoice_view - INFO - Challan flag: false
2026-04-29 17:19:31,129 - core.combined_invoice_view - INFO - Invoice created with ID: 134998
2026-04-29 17:19:31,137 - core.combined_invoice_view - INFO - Challan data received: challan_no=, challan_date=
2026-04-29 17:19:31,138 - core.combined_invoice_view - INFO - Setting rates for 1ST AID TRANSPORE TAPE .5"": A=0.0, B=0.0, C=0.0
2026-04-29 17:19:31,139 - core.combined_invoice_view - INFO - Product 1ST AID TRANSPORE TAPE .5"": Base=1.0, CGST=0.0, SGST=0.0, Total=1.0
2026-04-29 17:19:31,220 - core.combined_invoice_view - INFO - Product 1ST AID TRANSPORE TAPE .5"" added to invoice
2026-04-29 17:19:31,220 - core.combined_invoice_view - INFO - PURCHASE CREATED: 1ST AID TRANSPORE TAPE .5"", Batch: 00000000, Qty: 1.0, Free Qty: 0.0
2026-04-29 17:19:31,231 - core.combined_invoice_view - INFO - Saved invoice: Total=1.0, RoundOff=0.0 (added)
2026-04-29 17:19:31,231 - core.combined_invoice_view - INFO - Invoice 1234222 created successfully with 1 products
